[18:32:57] [Client thread/INFO]: Setting user: Conutik
[18:32:57] [Client thread/INFO]: (Session ID is token:eyJhbGciOiJIUzI1NiJ9.eyJzdWIiOiI1NGZkODZlODIxZGQxNzUzYTQzNTRiYTkzMDVkNWUzMSIsInlnZ3QiOiJmMmY2MGQ0OWY5Nzg0YjUwOTY2OGFiM2Y5ZTZiN2JjMyIsInNwciI6IjdiN2VmMTY5YWQ5NzQwMTE4MjJmZWY2NGZjNTRmODdmIiwiaXNzIjoiWWdnZHJhc2lsLUF1dGgiLCJleHAiOjE2Mjc1NzIzMTcsImlhdCI6MTYyNzM5OTUxN30.oHSfC4FWOFwljT5bsKkJxqI2RMZnHQHVUdDZwxXOvU8:7b7ef169ad974011822fef64fc54f87f)
[18:32:58] [Client thread/INFO]: LWJGL Version: 2.9.4
[18:32:59] [Client thread/INFO]: Reloading ResourceManager: Default
[18:32:59] [Client thread/ERROR]: Couldn't initialize twitch stream
[18:32:59] [Sound Library Loader/INFO]: Starting up SoundSystem...
[18:32:59] [Thread-5/INFO]: Initializing LWJGL OpenAL
[18:32:59] [Thread-5/INFO]: (The LWJGL binding of OpenAL.  For more information, see http://www.lwjgl.org)
[18:32:59] [Thread-5/INFO]: OpenAL initialized.
[18:32:59] [Sound Library Loader/INFO]: Sound engine started
[18:33:00] [Client thread/INFO]: Created: 512x512 textures-atlas
[18:33:07] [Client thread/INFO]: Stopping!
[18:33:07] [Client thread/INFO]: SoundSystem shutting down...
[18:33:07] [Client thread/WARN]: Author: Paul Lamb, www.paulscode.com
kNWUzMSIsInlnZ3QiOiJmMmY2MGQ0OWY5Nzg0YjUwOTY2OGFiM2Y5ZTZiN2JjMyIsInNwciI6IjdiN2VmMTY5YWQ5NzQwMTE4MjJmZWY2NGZjNTRmODdmIiwiaXNzIjoiWWdnZHJhc2lsLUF1dGgiLCJleHAiOjE2Mjc1NzIzMTcsImlhdCI6MTYyNzM5OTUxN30.oHSfC4FWOFwljT5bsKkJxqI2RMZnHQHVUdDZwxXOvU8:7b7ef169ad974011822fef64fc54f87f)
[18:33:05] [Client thread/INFO]: LWJGL Version: 2.9.4
[18:33:06] [Client thread/INFO]: Reloading ResourceManager: Default
[18:33:06] [Client thread/ERROR]: Couldn't initialize twitch stream
[18:33:06] [Sound Library Loader/INFO]: Starting up SoundSystem...
[18:33:06] [Thread-5/INFO]: Initializing LWJGL OpenAL
[18:33:06] [Thread-5/INFO]: (The LWJGL binding of OpenAL.  For more information, see http://www.lwjgl.org)
[18:33:07] [Thread-5/INFO]: OpenAL initialized.
[18:33:07] [Sound Library Loader/INFO]: Sound engine started
[18:33:07] [Client thread/INFO]: Created: 512x512 textures-atlas
[18:33:09] [Client thread/INFO]: Stopping!
[18:33:09] [Client thread/INFO]: SoundSystem shutting down...
[18:33:09] [Client thread/WARN]: Author: Paul Lamb, www.paulscode.com
